[2021-11-03T17:51:55.594] [WARN] error - User Not Found with email dthmax2@gmail.com
[2021-11-03T17:51:55.595] [WARN] error - message User Not found.
[2022-02-02T18:52:31.441] [ERROR] error - Error: Missing credentials for "PLAIN"
    at SMTPConnection._formatError (C:\Users\Brian Schmidt\Desktop\entregaFinalBackCoder\node_modules\nodemailer\lib\smtp-connection\index.js:784:19)
    at SMTPConnection.login (C:\Users\Brian Schmidt\Desktop\entregaFinalBackCoder\node_modules\nodemailer\lib\smtp-connection\index.js:438:38)
    at C:\Users\Brian Schmidt\Desktop\entregaFinalBackCoder\node_modules\nodemailer\lib\smtp-transport\index.js:271:32
    at SMTPConnection.<anonymous> (C:\Users\Brian Schmidt\Desktop\entregaFinalBackCoder\node_modules\nodemailer\lib\smtp-connection\index.js:209:17)
    at Object.onceWrapper (events.js:519:28)
    at SMTPConnection.emit (events.js:400:28)
    at SMTPConnection._actionEHLO (C:\Users\Brian Schmidt\Desktop\entregaFinalBackCoder\node_modules\nodemailer\lib\smtp-connection\index.js:1319:14)
    at SMTPConnection._processResponse (C:\Users\Brian Schmidt\Desktop\entregaFinalBackCoder\node_modules\nodemailer\lib\smtp-connection\index.js:947:20)
    at SMTPConnection._onData (C:\Users\Brian Schmidt\Desktop\entregaFinalBackCoder\node_modules\nodemailer\lib\smtp-connection\index.js:749:14)
    at TLSSocket.SMTPConnection._onSocketData (C:\Users\Brian Schmidt\Desktop\entregaFinalBackCoder\node_modules\nodemailer\lib\smtp-connection\index.js:189:44)
    at TLSSocket.emit (events.js:400:28)
    at addChunk (internal/streams/readable.js:290:12)
    at readableAddChunk (internal/streams/readable.js:265:9)
    at TLSSocket.Readable.push (internal/streams/readable.js:204:10)
    at TLSWrap.onStreamRead (internal/stream_base_commons.js:188:23) {
  code: 'EAUTH',
  command: 'API'
}
[2022-02-05T13:39:15.879] [WARN] error - User Not Found with email brian.schh
[2022-02-05T13:39:15.880] [WARN] error - message User Not found.
